npm ERR! Linux 4.15.0-212-generic
npm ERR! argv "/usr/bin/node" "/usr/bin/npm" "start"
npm ERR! node v8.10.0
npm ERR! npm  v3.5.2
npm ERR! path /home/vagrant/app/package.json
npm ERR! code ENOENT
npm ERR! errno -2
npm ERR! syscall open

npm ERR! enoent ENOENT: no such file or directory, open '/home/vagrant/app/package.json'
npm ERR! enoent ENOENT: no such file or directory, open '/home/vagrant/app/package.json'
npm ERR! enoent This is most likely not a problem with npm itself
npm ERR! enoent and is related to npm not being able to find a file.
npm ERR! enoent 
npm ERR! Linux 4.15.0-212-generic
npm ERR! argv "/usr/bin/node" "/usr/bin/npm" "start"
npm ERR! node v8.10.0
npm ERR! npm  v3.5.2
npm ERR! path npm-debug.log.1431110755
npm ERR! code ETXTBSY
npm ERR! errno -26
npm ERR! syscall rename

npm ERR! ETXTBSY: text file is busy, rename 'npm-debug.log.1431110755' -> 'npm-debug.log'
npm ERR! 
npm ERR! If you need help, you may report this error at:
npm ERR!     <https://github.com/npm/npm/issues>

npm ERR! Please include the following file with any support request:
npm ERR!     /home/vagrant/app/npm-debug.log
